<?xml version="1.0" encoding="UTF-8"?>
<!-- Generated by org.testng.reporters.JUnitXMLReporter -->
<testsuite hostname="AMIT007" ignored="0" name="Test" tests="2" failures="0" timestamp="2020-09-05T20:22:27 IST" time="3.507" errors="0">
  <testcase name="@BeforeTest invokeBrowser" time="3.381" classname="Academy.HomePageTest">
    <failure type="java.lang.NoSuchMethodError" message="com.google.common.collect.ImmutableSortedSet.toImmutableSortedSet(Ljava/util/Comparator;)Ljava/util/stream/Collector;">
      <![CDATA[java.lang.NoSuchMethodError: com.google.common.collect.ImmutableSortedSet.toImmutableSortedSet(Ljava/util/Comparator;)Ljava/util/stream/Collector;
at org.openqa.selenium.remote.NewSessionPayload.lambda$validate$3(NewSessionPayload.java:191)
at java.util.stream.ReferencePipeline$11$1.accept(ReferencePipeline.java:372)
at java.util.stream.ReferencePipeline$3$1.accept(ReferencePipeline.java:193)
at java.util.stream.ReferencePipeline$11$1.accept(ReferencePipeline.java:373)
at java.util.Iterator.forEachRemaining(Iterator.java:116)
at java.util.Spliterators$IteratorSpliterator.forEachRemaining(Spliterators.java:1801)
at java.util.stream.AbstractPipeline.copyInto(AbstractPipeline.java:481)
at java.util.stream.AbstractPipeline.wrapAndCopyInto(AbstractPipeline.java:471)
at java.util.stream.ForEachOps$ForEachOp.evaluateSequential(ForEachOps.java:151)
at java.util.stream.ForEachOps$ForEachOp$OfRef.evaluateSequential(ForEachOps.java:174)
at java.util.stream.AbstractPipeline.evaluate(AbstractPipeline.java:234)
at java.util.stream.ReferencePipeline.forEach(ReferencePipeline.java:418)
at org.openqa.selenium.remote.NewSessionPayload.validate(NewSessionPayload.java:207)
at org.openqa.selenium.remote.NewSessionPayload.<init>(NewSessionPayload.java:152)
at org.openqa.selenium.remote.NewSessionPayload.create(NewSessionPayload.java:99)
at org.openqa.selenium.remote.NewSessionPayload.create(NewSessionPayload.java:94)
at org.openqa.selenium.remote.ProtocolHandshake.createSession(ProtocolHandshake.java:69)
at org.openqa.selenium.remote.HttpCommandExecutor.execute(HttpCommandExecutor.java:138)
at org.openqa.selenium.remote.service.DriverCommandExecutor.execute(DriverCommandExecutor.java:83)
at org.openqa.selenium.remote.RemoteWebDriver.execute(RemoteWebDriver.java:582)
at org.openqa.selenium.remote.RemoteWebDriver.startSession(RemoteWebDriver.java:216)
at org.openqa.selenium.remote.RemoteWebDriver.<init>(RemoteWebDriver.java:136)
at org.openqa.selenium.chromium.ChromiumDriver.<init>(ChromiumDriver.java:75)
at org.openqa.selenium.chrome.ChromeDriver.<init>(ChromeDriver.java:163)
at org.openqa.selenium.chrome.ChromeDriver.<init>(ChromeDriver.java:150)
at org.openqa.selenium.chrome.ChromeDriver.<init>(ChromeDriver.java:105)
at resources.BaseClass.startDriver(BaseClass.java:34)
at Academy.HomePageTest.invokeBrowser(HomePageTest.java:15)
... Removed 24 stack frames]]>
    </failure>
  </testcase> <!-- @BeforeTest invokeBrowser -->
  <testcase name="@AfterTest closeBrowser" time="-1.599317547103E9" classname="Academy.HomePageTest">
    <skipped/>
  </testcase> <!-- @AfterTest closeBrowser -->
  <testcase name="pageNavigation" time="0.0" classname="Academy.HomePageTest">
    <skipped/>
  </testcase> <!-- pageNavigation -->
  <testcase name="pageNavigation" time="0.0" classname="Academy.HomePageTest">
    <skipped/>
  </testcase> <!-- pageNavigation -->
</testsuite> <!-- Test -->
